<?xml version="1.0" encoding="UTF-8"?>
<!-- Generated by org.testng.reporters.JUnitReportReporter -->
<testsuite hostname="Xotiv-PC8" failures="0" tests="1" name="com.inetbanking.testCases.TC_LoginTest_001" time="2.210" errors="0" timestamp="22 Mar 2019 11:21:34 GMT" skipped="0">
  <testcase classname="com.inetbanking.testCases.TC_LoginTest_001" name="loginTest" time="2.210"/>
</testsuite> <!-- com.inetbanking.testCases.TC_LoginTest_001 -->
